INFO: [SIM 2] *************** CSIM start ***************
INFO: [SIM 4] CSIM will launch GCC as the compiler.
   Compiling ../../../main.cpp in debug mode
   Compiling ../../../conv_14.cpp in debug mode
   Compiling ../../../conv_28.cpp in debug mode
   Compiling ../../../fifo.cpp in debug mode
   Compiling ../../../operation.cpp in debug mode
   Generating csim.exe
0 0 0 0 0 0 0 0 0 0 0 0 0 0 
0 0 0 0 0 0 0 0 0 0 0 0 0 0 
0 0 0 0 0 0 0 0 0 0 0 0 0 0 
0 0 0 -17.9983 -33.2387 -12.4555 0 0 0 0 0 0 0 0 
0 0 0 26.7293 28.6311 8.44077 -18.8309 -18.9516 -18.935 -13.8243 -32.9006 0 0 0 
0 0 0 0 0 1.38123 7.17501 11.5727 10.9227 3.01944 -11.0918 0 0 0 
0 0 0 0 0 0 0 0 1.25028 -11.0521 -1.43147 0 0 0 
0 0 0 0 0 0 0 0 -2.70702 -10.1006 0 0 0 0 
0 0 0 0 0 0 0 0.206539 -13.949 5.30571 0 0 0 0 
0 0 0 0 0 0 -0.0791217 -19.1291 -7.45971 0 0 0 0 0 
0 0 0 0 0 0 7.91668 -11.3856 3.20172 0 0 0 0 0 
0 0 0 0 0 1.96487 -12.0233 -0.0636841 0 0 0 0 0 0 
0 0 0 0 0 -0.631679 -9.1332 -3.44691 0 0 0 0 0 0 
0 0 0 0 0 31.706 20.3984 0 0 0 0 0 0 0 
0000000
06.553087.310850000
0-9.83566-2.303391.302312.21205-0.5738530
00008.02752-0.06527030
0006.89543-1.9654100
00-0.7153985.577850.14598800
00-11.3116-0.851598000
INFO: [SIM 1] CSim done with 0 errors.
INFO: [SIM 3] *************** CSIM finish ***************
