INFO: [HLS 200-0] Workspace C:/Users/Mahmoud/Desktop/SOC_convolution_c++/solution1 opened at Thu May 25 12:10:02 +0300 2023
Execute     config_clock -quiet -name default -period 10 -default=false 
INFO: [SYN 201-201] Setting up clock 'default' with a period of 10ns.
Command     config_clock returned 0; 0 sec.
Execute     open_platform DefaultPlatform 
Command     open_platform returned 0; 0.001 sec.
Execute     import_lib D:/Vivado_2017_App/Vivado/2017.4/common/technology/xilinx/virtex7/virtex7 
Execute       source D:/Vivado_2017_App/Vivado/2017.4/common/technology/xilinx/common/xilinx.lib 
Execute         source D:/Vivado_2017_App/Vivado/2017.4/common/technology/xilinx/interface/xilinx_interface.lib 
Execute           source D:/Vivado_2017_App/Vivado/2017.4/common/technology/xilinx/interface/plb46.lib 
Command           ap_source returned 0; 0 sec.
Execute           source D:/Vivado_2017_App/Vivado/2017.4/common/technology/xilinx/interface/fsl.lib 
Command           ap_source returned 0; 0 sec.
Execute           source D:/Vivado_2017_App/Vivado/2017.4/common/technology/xilinx/interface/axi4.lib 
Command           ap_source returned 0; 0.001 sec.
Execute           source D:/Vivado_2017_App/Vivado/2017.4/common/technology/xilinx/interface/maxi.lib 
Command           ap_source returned 0; 0 sec.
Execute           source D:/Vivado_2017_App/Vivado/2017.4/common/technology/xilinx/interface/saxilite.lib 
Command           ap_source returned 0; 0 sec.
Command         ap_source returned 0; 0.003 sec.
Execute         source D:/Vivado_2017_App/Vivado/2017.4/common/technology/xilinx/common/dsp48.lib 
Command         ap_source returned 0; 0 sec.
Execute         source D:/Vivado_2017_App/Vivado/2017.4/common/technology/xilinx/ip/dds_compiler.lib 
Command         ap_source returned 0; 0.001 sec.
Execute         source D:/Vivado_2017_App/Vivado/2017.4/common/technology/xilinx/ip/xfft.lib 
Command         ap_source returned 0; 0 sec.
Execute         source D:/Vivado_2017_App/Vivado/2017.4/common/technology/xilinx/ip/xfir.lib 
Command         ap_source returned 0; 0.001 sec.
Command       ap_source returned 0; 0.006 sec.
Execute       source D:/Vivado_2017_App/Vivado/2017.4/common/technology/xilinx/common/xilinx_old.lib 
Command       ap_source returned 0; 0.001 sec.
Execute       source D:/Vivado_2017_App/Vivado/2017.4/common/technology/xilinx/common/xilinx_vivado.lib 
Command       ap_source returned 0; 0.002 sec.
Execute       source D:/Vivado_2017_App/Vivado/2017.4/common/technology/xilinx/common/xilinx.hlp 
Execute         source D:/Vivado_2017_App/Vivado/2017.4/common/technology/xilinx/common/target_info.tcl 
Command         ap_source returned 0; 0.001 sec.
Execute         source D:/Vivado_2017_App/Vivado/2017.4/common/technology/xilinx/interface/xilinx_interface.hlp 
Execute           source D:/Vivado_2017_App/Vivado/2017.4/common/technology/xilinx/interface/maxi.hlp 
Command           ap_source returned 0; 0 sec.
Execute           source D:/Vivado_2017_App/Vivado/2017.4/common/technology/xilinx/interface/saxilite.hlp 
Command           ap_source returned 0; 0.001 sec.
Command         ap_source returned 0; 0.001 sec.
Execute         source D:/Vivado_2017_App/Vivado/2017.4/common/technology/xilinx/common/dsp48.hlp 
Command         ap_source returned 0; 0.001 sec.
Command       ap_source returned 0; 0.005 sec.
Execute       source D:/Vivado_2017_App/Vivado/2017.4/common/technology/xilinx/virtex7/dsp48e1.hlp 
Command       ap_source returned 0; 0 sec.
Execute       get_default_platform 
Command       get_default_platform returned 0; 0 sec.
Execute       config_chip_info -quiet -resource  {SLICE 91050 } {LUT 364200 } {FF 728400 } {DSP48E 1260} {BRAM 1590}  
Command       config_chip_info returned 0; 0 sec.
Execute       config_chip_info -quiet -speed medium 
Command       config_chip_info returned 0; 0 sec.
Execute       source D:/Vivado_2017_App/Vivado/2017.4/common/technology/xilinx/common/xilinx.hlp 
Execute         source D:/Vivado_2017_App/Vivado/2017.4/common/technology/xilinx/common/target_info.tcl 
Command         ap_source returned 0; 0.001 sec.
Execute         source D:/Vivado_2017_App/Vivado/2017.4/common/technology/xilinx/interface/xilinx_interface.hlp 
Execute           source D:/Vivado_2017_App/Vivado/2017.4/common/technology/xilinx/interface/maxi.hlp 
Command           ap_source returned 0; 0 sec.
Execute           source D:/Vivado_2017_App/Vivado/2017.4/common/technology/xilinx/interface/saxilite.hlp 
Command           ap_source returned 0; 0.001 sec.
Command         ap_source returned 0; 0.001 sec.
Execute         source D:/Vivado_2017_App/Vivado/2017.4/common/technology/xilinx/common/dsp48.hlp 
Command         ap_source returned 0; 0.001 sec.
Command       ap_source returned 0; 0.005 sec.
Command     import_lib returned 0; 0.024 sec.
Execute     source D:/Vivado_2017_App/Vivado/2017.4/common/technology/xilinx/virtex7/virtex7.gen 
Execute       source D:/Vivado_2017_App/Vivado/2017.4/common/technology/xilinx/common/virtex.gen 
Execute         source D:/Vivado_2017_App/Vivado/2017.4/common/technology/xilinx/common/xilinx.gen 
Execute           source D:/Vivado_2017_App/Vivado/2017.4/common/technology/xilinx/interface/plb46.gen 
Command           ap_source returned 0; 0.001 sec.
Execute           source D:/Vivado_2017_App/Vivado/2017.4/common/technology/xilinx/interface/fsl.gen 
Command           ap_source returned 0; 0.001 sec.
Execute           source D:/Vivado_2017_App/Vivado/2017.4/common/technology/xilinx/interface/axi4.gen 
Command           ap_source returned 0; 0.003 sec.
Execute           source D:/Vivado_2017_App/Vivado/2017.4/common/technology/xilinx/interface/nativeAXI4.gen 
Execute             source D:/Vivado_2017_App/Vivado/2017.4/common/technology/xilinx/interface/saxilite.gen 
Command             ap_source returned 0; 0.006 sec.
Execute             source D:/Vivado_2017_App/Vivado/2017.4/common/technology/xilinx/interface/maxi.gen 
Command             ap_source returned 0; 0.01 sec.
Command           ap_source returned 0; 0.016 sec.
Execute           source D:/Vivado_2017_App/Vivado/2017.4/common/technology/xilinx/scripts/xilinxcoregen.gen 
Command           ap_source returned 0; 0.014 sec.
Execute           source D:/Vivado_2017_App/Vivado/2017.4/common/technology/xilinx/interface/XilEDKCoreGen.gen 
Command           ap_source returned 0; 0.01 sec.
Execute           source D:/Vivado_2017_App/Vivado/2017.4/common/technology/xilinx/ip/dds_compiler.gen 
Command           ap_source returned 0; 0.003 sec.
Execute           source D:/Vivado_2017_App/Vivado/2017.4/common/technology/xilinx/ip/util.gen 
Command           ap_source returned 0; 0.001 sec.
Execute           source D:/Vivado_2017_App/Vivado/2017.4/common/technology/xilinx/ip/xfft.gen 
Command           ap_source returned 0; 0.103 sec.
Execute           source D:/Vivado_2017_App/Vivado/2017.4/common/technology/xilinx/ip/xfir.gen 
Command           ap_source returned 0; 0.001 sec.
Command         ap_source returned 0; 0.154 sec.
Execute         source D:/Vivado_2017_App/Vivado/2017.4/common/technology/xilinx/common/dsp48.gen 
Command         ap_source returned 0; 0.001 sec.
Command       ap_source returned 0; 0.157 sec.
Command     ap_source returned 0; 0.158 sec.
Execute     open_platform DefaultPlatform 
Command     open_platform returned 0; 0 sec.
Execute     import_lib D:/Vivado_2017_App/Vivado/2017.4/common/technology/xilinx/virtex7/virtex7_fpv6 
Execute       source D:/Vivado_2017_App/Vivado/2017.4/common/technology/xilinx/common/xilinx_fpv7.lib 
Execute         source D:/Vivado_2017_App/Vivado/2017.4/common/technology/xilinx/common/xilinx_hp.lib 
Command         ap_source returned 0; 0.001 sec.
Command       ap_source returned 0; 0.005 sec.
Execute       source D:/Vivado_2017_App/Vivado/2017.4/common/technology/xilinx/common/xilinx_fpv.hlp 
Execute         source D:/Vivado_2017_App/Vivado/2017.4/common/technology/xilinx/common/xilinx.hlp 
Execute           source D:/Vivado_2017_App/Vivado/2017.4/common/technology/xilinx/common/target_info.tcl 
Command           ap_source returned 0; 0.002 sec.
Execute           source D:/Vivado_2017_App/Vivado/2017.4/common/technology/xilinx/interface/xilinx_interface.hlp 
Execute             source D:/Vivado_2017_App/Vivado/2017.4/common/technology/xilinx/interface/maxi.hlp 
Command             ap_source returned 0; 0 sec.
Execute             source D:/Vivado_2017_App/Vivado/2017.4/common/technology/xilinx/interface/saxilite.hlp 
Command             ap_source returned 0; 0 sec.
Command           ap_source returned 0; 0.001 sec.
Execute           source D:/Vivado_2017_App/Vivado/2017.4/common/technology/xilinx/common/dsp48.hlp 
Command           ap_source returned 0; 0.001 sec.
Command         ap_source returned 0; 0.007 sec.
Command       ap_source returned 0; 0.008 sec.
Execute       source D:/Vivado_2017_App/Vivado/2017.4/common/technology/xilinx/virtex7/virtex7_hp.hlp 
Command       ap_source returned 0; 0.003 sec.
Command     import_lib returned 0; 0.025 sec.
Execute     source D:/Vivado_2017_App/Vivado/2017.4/common/technology/xilinx/virtex7/virtex7_fpv6.gen 
Execute       source D:/Vivado_2017_App/Vivado/2017.4/common/technology/xilinx/common/xilinx_fpv6.gen 
Command       ap_source returned 0; 0.003 sec.
Command     ap_source returned 0; 0.003 sec.
Execute     set_part xc7vx690tffg1761-2 
Execute       add_library xilinx/virtex7/virtex7:xc7vx690t:ffg1761:-2 
Execute         get_default_platform 
Command         get_default_platform returned 0; 0 sec.
Execute         license_isbetapart xc7vx690t 
Command         license_isbetapart returned 1; 0.019 sec.
Execute         get_default_platform 
Command         get_default_platform returned 0; 0 sec.
Execute         config_chip_info -quiet -resource  {SLICE 108300} {LUT 433200 } {FF 866400 } {DSP48E 3600} {BRAM 2940}  
Command         config_chip_info returned 0; 0 sec.
Execute         config_chip_info -quiet -speed medium 
Command         config_chip_info returned 0; 0 sec.
Command       add_library returned 0; 0.024 sec.
Execute       add_library xilinx/virtex7/virtex7_fpv6 
Execute         get_default_platform 
Command         get_default_platform returned 0; 0 sec.
Command       add_library returned 0; 0.003 sec.
INFO: [HLS 200-10] Setting target device to 'xc7vx690tffg1761-2'
Execute       get_default_platform 
Command       get_default_platform returned 0; 0 sec.
Command     set_part returned 0; 0.064 sec.
Execute     get_default_platform 
Command     get_default_platform returned 0; 0 sec.
Execute     config_chip_info -quiet -resource  {SLICE 108300} {LUT 433200 } {FF 866400 } {DSP48E 3600} {BRAM 2940}  
Command     config_chip_info returned 0; 0 sec.
Execute     config_chip_info -quiet -speed medium 
Command     config_chip_info returned 0; 0 sec.
Command   open_solution returned 0; 0.294 sec.
Execute   csim_design -clean -quiet 
Execute     source C:/Users/Mahmoud/Desktop/SOC_convolution_c++/solution1/.autopilot/db/global.setting.tcl 
Command     ap_source returned 0; 0.001 sec.
INFO: [SIM 211-2] *************** CSIM start ***************
INFO: [SIM 211-4] CSIM will launch GCC as the compiler.
Execute     source csim/.lst_opt.tcl 
Command     ap_source returned 0; 0.001 sec.
Execute     is_encrypted C:/Users/Mahmoud/Desktop/SOC_convolution_c++/main.cpp 
Command     is_encrypted returned 0; 0 sec.
Execute     is_xip C:/Users/Mahmoud/Desktop/SOC_convolution_c++/main.cpp 
Command     is_xip returned 0; 0.001 sec.
Execute     is_encrypted C:/Users/Mahmoud/Desktop/SOC_convolution_c++/operation.h 
Command     is_encrypted returned 0; 0 sec.
Execute     is_xip C:/Users/Mahmoud/Desktop/SOC_convolution_c++/operation.h 
Command     is_xip returned 0; 0 sec.
Execute     is_encrypted C:/Users/Mahmoud/Desktop/SOC_convolution_c++/operation.cpp 
Command     is_encrypted returned 0; 0 sec.
Execute     is_xip C:/Users/Mahmoud/Desktop/SOC_convolution_c++/operation.cpp 
Command     is_xip returned 0; 0 sec.
Execute     is_encrypted C:/Users/Mahmoud/Desktop/SOC_convolution_c++/fifo.h 
Command     is_encrypted returned 0; 0 sec.
Execute     is_xip C:/Users/Mahmoud/Desktop/SOC_convolution_c++/fifo.h 
Command     is_xip returned 0; 0.001 sec.
Execute     is_encrypted C:/Users/Mahmoud/Desktop/SOC_convolution_c++/fifo.cpp 
Command     is_encrypted returned 0; 0 sec.
Execute     is_xip C:/Users/Mahmoud/Desktop/SOC_convolution_c++/fifo.cpp 
Command     is_xip returned 0; 0 sec.
Execute     is_encrypted C:/Users/Mahmoud/Desktop/SOC_convolution_c++/conv_28.h 
Command     is_encrypted returned 0; 0.001 sec.
Execute     is_xip C:/Users/Mahmoud/Desktop/SOC_convolution_c++/conv_28.h 
Command     is_xip returned 0; 0 sec.
Execute     is_encrypted C:/Users/Mahmoud/Desktop/SOC_convolution_c++/conv_28.cpp 
Command     is_encrypted returned 0; 0 sec.
Execute     is_xip C:/Users/Mahmoud/Desktop/SOC_convolution_c++/conv_28.cpp 
Command     is_xip returned 0; 0 sec.
Execute     is_encrypted C:/Users/Mahmoud/Desktop/SOC_convolution_c++/conv_14.h 
Command     is_encrypted returned 0; 0.001 sec.
Execute     is_xip C:/Users/Mahmoud/Desktop/SOC_convolution_c++/conv_14.h 
Command     is_xip returned 0; 0 sec.
Execute     is_encrypted C:/Users/Mahmoud/Desktop/SOC_convolution_c++/conv_14.cpp 
Command     is_encrypted returned 0; 0 sec.
Execute     is_xip C:/Users/Mahmoud/Desktop/SOC_convolution_c++/conv_14.cpp 
Command     is_xip returned 0; 0 sec.
Execute     get_default_platform 
Command     get_default_platform returned 0; 0 sec.
Execute     source run_sim.tcl 
Command     ap_source returned 0; 2.887 sec.
INFO: [SIM 211-1] CSim done with 0 errors.
INFO: [SIM 211-3] *************** CSIM finish ***************
Command   csim_design returned 0; 13.923 sec.
Command ap_source returned 0; 14.222 sec.
Execute cleanup_all 
Command cleanup_all returned 0; 0 sec.
