INFO: [HLS 200-0] Workspace C:/Users/Mahmoud/Desktop/SOC_convolution_1/solution1 opened at Thu May 25 12:19:36 +0300 2023
Execute     config_clock -quiet -name default -period 10 -default=false 
INFO: [SYN 201-201] Setting up clock 'default' with a period of 10ns.
Command     config_clock returned 0; 0 sec.
Execute     open_platform DefaultPlatform 
Command     open_platform returned 0; 0 sec.
Execute     import_lib D:/Vivado_2017_App/Vivado/2017.4/common/technology/xilinx/artix7/artix7 
Execute       source D:/Vivado_2017_App/Vivado/2017.4/common/technology/xilinx/common/xilinx.lib 
Execute         source D:/Vivado_2017_App/Vivado/2017.4/common/technology/xilinx/interface/xilinx_interface.lib 
Execute           source D:/Vivado_2017_App/Vivado/2017.4/common/technology/xilinx/interface/plb46.lib 
Command           ap_source returned 0; 0.001 sec.
Execute           source D:/Vivado_2017_App/Vivado/2017.4/common/technology/xilinx/interface/fsl.lib 
Command           ap_source returned 0; 0 sec.
Execute           source D:/Vivado_2017_App/Vivado/2017.4/common/technology/xilinx/interface/axi4.lib 
Command           ap_source returned 0; 0.001 sec.
Execute           source D:/Vivado_2017_App/Vivado/2017.4/common/technology/xilinx/interface/maxi.lib 
Command           ap_source returned 0; 0 sec.
Execute           source D:/Vivado_2017_App/Vivado/2017.4/common/technology/xilinx/interface/saxilite.lib 
Command           ap_source returned 0; 0.001 sec.
Command         ap_source returned 0; 0.003 sec.
Execute         source D:/Vivado_2017_App/Vivado/2017.4/common/technology/xilinx/common/dsp48.lib 
Command         ap_source returned 0; 0 sec.
Execute         source D:/Vivado_2017_App/Vivado/2017.4/common/technology/xilinx/ip/dds_compiler.lib 
Command         ap_source returned 0; 0.001 sec.
Execute         source D:/Vivado_2017_App/Vivado/2017.4/common/technology/xilinx/ip/xfft.lib 
Command         ap_source returned 0; 0 sec.
Execute         source D:/Vivado_2017_App/Vivado/2017.4/common/technology/xilinx/ip/xfir.lib 
Command         ap_source returned 0; 0 sec.
Command       ap_source returned 0; 0.006 sec.
Execute       source D:/Vivado_2017_App/Vivado/2017.4/common/technology/xilinx/common/xilinx_old.lib 
Command       ap_source returned 0; 0.001 sec.
Execute       source D:/Vivado_2017_App/Vivado/2017.4/common/technology/xilinx/common/xilinx_vivado.lib 
Command       ap_source returned 0; 0.001 sec.
Execute       source D:/Vivado_2017_App/Vivado/2017.4/common/technology/xilinx/common/xilinx.hlp 
Execute         source D:/Vivado_2017_App/Vivado/2017.4/common/technology/xilinx/common/target_info.tcl 
Command         ap_source returned 0; 0.001 sec.
Execute         source D:/Vivado_2017_App/Vivado/2017.4/common/technology/xilinx/interface/xilinx_interface.hlp 
Execute           source D:/Vivado_2017_App/Vivado/2017.4/common/technology/xilinx/interface/maxi.hlp 
Command           ap_source returned 0; 0 sec.
Execute           source D:/Vivado_2017_App/Vivado/2017.4/common/technology/xilinx/interface/saxilite.hlp 
Command           ap_source returned 0; 0 sec.
Command         ap_source returned 0; 0.001 sec.
Execute         source D:/Vivado_2017_App/Vivado/2017.4/common/technology/xilinx/common/dsp48.hlp 
Command         ap_source returned 0; 0.001 sec.
Command       ap_source returned 0; 0.006 sec.
Execute       source D:/Vivado_2017_App/Vivado/2017.4/common/technology/xilinx/artix7/dsp48e1.hlp 
Command       ap_source returned 0; 0 sec.
Execute       get_default_platform 
Command       get_default_platform returned 0; 0 sec.
Execute       config_chip_info -quiet -resource  {SLICE 15850} {LUT 63400}     {FF 126800} {DSP48E 240}    {BRAM 270}  
Command       config_chip_info returned 0; 0 sec.
Execute       config_chip_info -quiet -speed medium 
Command       config_chip_info returned 0; 0 sec.
Execute       source D:/Vivado_2017_App/Vivado/2017.4/common/technology/xilinx/common/xilinx.hlp 
Execute         source D:/Vivado_2017_App/Vivado/2017.4/common/technology/xilinx/common/target_info.tcl 
Command         ap_source returned 0; 0 sec.
Execute         source D:/Vivado_2017_App/Vivado/2017.4/common/technology/xilinx/interface/xilinx_interface.hlp 
Execute           source D:/Vivado_2017_App/Vivado/2017.4/common/technology/xilinx/interface/maxi.hlp 
Command           ap_source returned 0; 0 sec.
Execute           source D:/Vivado_2017_App/Vivado/2017.4/common/technology/xilinx/interface/saxilite.hlp 
Command           ap_source returned 0; 0 sec.
Command         ap_source returned 0; 0 sec.
Execute         source D:/Vivado_2017_App/Vivado/2017.4/common/technology/xilinx/common/dsp48.hlp 
Command         ap_source returned 0; 0.001 sec.
Command       ap_source returned 0; 0.005 sec.
Command     import_lib returned 0; 0.025 sec.
Execute     source D:/Vivado_2017_App/Vivado/2017.4/common/technology/xilinx/artix7/artix7.gen 
Execute       source D:/Vivado_2017_App/Vivado/2017.4/common/technology/xilinx/common/virtex.gen 
Execute         source D:/Vivado_2017_App/Vivado/2017.4/common/technology/xilinx/common/xilinx.gen 
Execute           source D:/Vivado_2017_App/Vivado/2017.4/common/technology/xilinx/interface/plb46.gen 
Command           ap_source returned 0; 0.002 sec.
Execute           source D:/Vivado_2017_App/Vivado/2017.4/common/technology/xilinx/interface/fsl.gen 
Command           ap_source returned 0; 0.001 sec.
Execute           source D:/Vivado_2017_App/Vivado/2017.4/common/technology/xilinx/interface/axi4.gen 
Command           ap_source returned 0; 0.002 sec.
Execute           source D:/Vivado_2017_App/Vivado/2017.4/common/technology/xilinx/interface/nativeAXI4.gen 
Execute             source D:/Vivado_2017_App/Vivado/2017.4/common/technology/xilinx/interface/saxilite.gen 
Command             ap_source returned 0; 0.005 sec.
Execute             source D:/Vivado_2017_App/Vivado/2017.4/common/technology/xilinx/interface/maxi.gen 
Command             ap_source returned 0; 0.01 sec.
Command           ap_source returned 0; 0.015 sec.
Execute           source D:/Vivado_2017_App/Vivado/2017.4/common/technology/xilinx/scripts/xilinxcoregen.gen 
Command           ap_source returned 0; 0.016 sec.
Execute           source D:/Vivado_2017_App/Vivado/2017.4/common/technology/xilinx/interface/XilEDKCoreGen.gen 
Command           ap_source returned 0; 0.01 sec.
Execute           source D:/Vivado_2017_App/Vivado/2017.4/common/technology/xilinx/ip/dds_compiler.gen 
Command           ap_source returned 0; 0.004 sec.
Execute           source D:/Vivado_2017_App/Vivado/2017.4/common/technology/xilinx/ip/util.gen 
Command           ap_source returned 0; 0.001 sec.
Execute           source D:/Vivado_2017_App/Vivado/2017.4/common/technology/xilinx/ip/xfft.gen 
Command           ap_source returned 0; 0.099 sec.
Execute           source D:/Vivado_2017_App/Vivado/2017.4/common/technology/xilinx/ip/xfir.gen 
Command           ap_source returned 0; 0.002 sec.
Command         ap_source returned 0; 0.152 sec.
Execute         source D:/Vivado_2017_App/Vivado/2017.4/common/technology/xilinx/common/dsp48.gen 
Command         ap_source returned 0; 0 sec.
Command       ap_source returned 0; 0.155 sec.
Command     ap_source returned 0; 0.155 sec.
Execute     open_platform DefaultPlatform 
Command     open_platform returned 0; 0 sec.
Execute     import_lib D:/Vivado_2017_App/Vivado/2017.4/common/technology/xilinx/artix7/artix7_fpv6 
Execute       source D:/Vivado_2017_App/Vivado/2017.4/common/technology/xilinx/common/xilinx_fpv7.lib 
Execute         source D:/Vivado_2017_App/Vivado/2017.4/common/technology/xilinx/common/xilinx_hp.lib 
Command         ap_source returned 0; 0.001 sec.
Command       ap_source returned 0; 0.005 sec.
Execute       source D:/Vivado_2017_App/Vivado/2017.4/common/technology/xilinx/common/xilinx_fpv.hlp 
Execute         source D:/Vivado_2017_App/Vivado/2017.4/common/technology/xilinx/common/xilinx.hlp 
Execute           source D:/Vivado_2017_App/Vivado/2017.4/common/technology/xilinx/common/target_info.tcl 
Command           ap_source returned 0; 0.003 sec.
Execute           source D:/Vivado_2017_App/Vivado/2017.4/common/technology/xilinx/interface/xilinx_interface.hlp 
Execute             source D:/Vivado_2017_App/Vivado/2017.4/common/technology/xilinx/interface/maxi.hlp 
Command             ap_source returned 0; 0.001 sec.
Execute             source D:/Vivado_2017_App/Vivado/2017.4/common/technology/xilinx/interface/saxilite.hlp 
Command             ap_source returned 0; 0 sec.
Command           ap_source returned 0; 0.001 sec.
Execute           source D:/Vivado_2017_App/Vivado/2017.4/common/technology/xilinx/common/dsp48.hlp 
Command           ap_source returned 0; 0.001 sec.
Command         ap_source returned 0; 0.008 sec.
Command       ap_source returned 0; 0.008 sec.
Execute       source D:/Vivado_2017_App/Vivado/2017.4/common/technology/xilinx/artix7/artix7_hp.hlp 
Command       ap_source returned 0; 0.002 sec.
Command     import_lib returned 0; 0.025 sec.
Execute     source D:/Vivado_2017_App/Vivado/2017.4/common/technology/xilinx/artix7/artix7_fpv6.gen 
Execute       source D:/Vivado_2017_App/Vivado/2017.4/common/technology/xilinx/common/xilinx_fpv6.gen 
Command       ap_source returned 0; 0.003 sec.
Command     ap_source returned 0; 0.003 sec.
Execute     set_part xc7a200tfbg676-2 
Execute       add_library xilinx/artix7/artix7:xc7a200t:fbg676:-2 
Execute         get_default_platform 
Command         get_default_platform returned 0; 0 sec.
Execute         license_isbetapart xc7a200t 
Command         license_isbetapart returned 1; 0.02 sec.
Execute         get_default_platform 
Command         get_default_platform returned 0; 0 sec.
Execute         config_chip_info -quiet -resource  {SLICE 33650} {LUT 129000}    {FF 269200} {DSP48E 740}    {BRAM 730}  
Command         config_chip_info returned 0; 0 sec.
Execute         config_chip_info -quiet -speed medium 
Command         config_chip_info returned 0; 0 sec.
Command       add_library returned 0; 0.024 sec.
Execute       add_library xilinx/artix7/artix7_fpv6 
Execute         get_default_platform 
Command         get_default_platform returned 0; 0 sec.
Command       add_library returned 0; 0.003 sec.
INFO: [HLS 200-10] Setting target device to 'xc7a200tfbg676-2'
Execute       get_default_platform 
Command       get_default_platform returned 0; 0 sec.
Command     set_part returned 0; 0.062 sec.
Execute     get_default_platform 
Command     get_default_platform returned 0; 0 sec.
Execute     config_chip_info -quiet -resource  {SLICE 33650} {LUT 129000}    {FF 269200} {DSP48E 740}    {BRAM 730}  
Command     config_chip_info returned 0; 0 sec.
Execute     config_chip_info -quiet -speed medium 
Command     config_chip_info returned 0; 0 sec.
Command   open_solution returned 0; 0.286 sec.
Execute   csim_design -clean -quiet 
INFO: [SIM 211-2] *************** CSIM start ***************
INFO: [SIM 211-4] CSIM will launch GCC as the compiler.
Execute     source csim/.lst_opt.tcl 
Command     ap_source returned 0; 0.001 sec.
Execute     is_encrypted C:/Users/Mahmoud/Desktop/SOC_convolution_1/Main.cpp 
Command     is_encrypted returned 0; 0 sec.
Execute     is_xip C:/Users/Mahmoud/Desktop/SOC_convolution_1/Main.cpp 
Command     is_xip returned 0; 0 sec.
Execute     is_encrypted C:/Users/Mahmoud/Desktop/SOC_convolution_1/Conv_14.cpp 
Command     is_encrypted returned 0; 0 sec.
Execute     is_xip C:/Users/Mahmoud/Desktop/SOC_convolution_1/Conv_14.cpp 
Command     is_xip returned 0; 0 sec.
Execute     is_encrypted C:/Users/Mahmoud/Desktop/SOC_convolution_1/Conv_14.h 
Command     is_encrypted returned 0; 0 sec.
Execute     is_xip C:/Users/Mahmoud/Desktop/SOC_convolution_1/Conv_14.h 
Command     is_xip returned 0; 0 sec.
Execute     is_encrypted C:/Users/Mahmoud/Desktop/SOC_convolution_1/Conv_28.cpp 
Command     is_encrypted returned 0; 0 sec.
Execute     is_xip C:/Users/Mahmoud/Desktop/SOC_convolution_1/Conv_28.cpp 
Command     is_xip returned 0; 0 sec.
Execute     is_encrypted C:/Users/Mahmoud/Desktop/SOC_convolution_1/Conv_28.h 
Command     is_encrypted returned 0; 0 sec.
Execute     is_xip C:/Users/Mahmoud/Desktop/SOC_convolution_1/Conv_28.h 
Command     is_xip returned 0; 0 sec.
Execute     is_encrypted C:/Users/Mahmoud/Desktop/SOC_convolution_1/FIFO.cpp 
Command     is_encrypted returned 0; 0.001 sec.
Execute     is_xip C:/Users/Mahmoud/Desktop/SOC_convolution_1/FIFO.cpp 
Command     is_xip returned 0; 0 sec.
Execute     is_encrypted C:/Users/Mahmoud/Desktop/SOC_convolution_1/FIFO.h 
Command     is_encrypted returned 0; 0 sec.
Execute     is_xip C:/Users/Mahmoud/Desktop/SOC_convolution_1/FIFO.h 
Command     is_xip returned 0; 0 sec.
Execute     get_default_platform 
Command     get_default_platform returned 0; 0 sec.
Execute     source run_sim.tcl 
Command     ap_source returned 0; 2.929 sec.
INFO: [SIM 211-1] CSim done with 0 errors.
INFO: [SIM 211-3] *************** CSIM finish ***************
Command   csim_design returned 0; 15.06 sec.
Command ap_source returned 0; 15.35 sec.
Execute cleanup_all 
Command cleanup_all returned 0; 0 sec.
